<?xml version="1.0" encoding="UTF-8"?>
<testsuite xmlns:xsi="http://www.w3.org/2001/XMLSchema-instance" xsi:noNamespaceSchemaLocation="https://maven.apache.org/surefire/maven-surefire-plugin/xsd/surefire-test-report-3.0.xsd" version="3.0" name="org.hcm.pcn.formula_validator.FormulaValidatorApplicationTests" time="2.265" tests="1" errors="0" skipped="0" failures="0">
  <properties>
[...]
</properties>
  <testcase name="contextLoads" classname="org.hcm.pcn.formula_validator.FormulaValidatorApplicationTests" time="0.661">
    <system-out><![CDATA[16:39:22.591 [main] INFO org.springframework.test.context.support.AnnotationConfigContextLoaderUtils -- Could not detect default configuration classes for test class [org.hcm.pcn.formula_validator.FormulaValidatorApplicationTests]: FormulaValidatorApplicationTests does not declare any static, non-private, non-final, nested classes annotated with @Configuration.
16:39:22.700 [main] INFO org.springframework.boot.test.context.SpringBootTestContextBootstrapper -- Found @SpringBootConfiguration org.hcm.pcn.formula_validator.FormulaValidatorApplication for test class org.hcm.pcn.formula_validator.FormulaValidatorApplicationTests

  .   ____          _            __ _ _
 /\\ / ___'_ __ _ _(_)_ __  __ _ \ \ \ \
( ( )\___ | '_ | '_| | '_ \/ _` | \ \ \ \
 \\/  ___)| |_)| | | | | || (_| |  ) ) ) )
  '  |____| .__|_| |_|_| |_\__, | / / / /
 =========|_|==============|___/=/_/_/_/

 :: Spring Boot ::                (v3.3.5)

2024-11-20T16:39:23.110+03:30  INFO 3864 --- [formula-validator] [           main] o.h.p.f.FormulaValidatorApplicationTests : Starting FormulaValidatorApplicationTests using Java 17.0.2 with PID 3864 (started by admin in D:\Projects\FormulaValidation)
2024-11-20T16:39:23.112+03:30  INFO 3864 --- [formula-validator] [           main] o.h.p.f.FormulaValidatorApplicationTests : No active profile set, falling back to 1 default profile: "default"
2024-11-20T16:39:24.074+03:30  INFO 3864 --- [formula-validator] [           main] o.h.p.f.FormulaValidatorApplicationTests : Started FormulaValidatorApplicationTests in 1.231 seconds (process running for 1.995)
]]></system-out>
  </testcase>
</testsuite>