<?xml version="1.0" encoding="UTF-8"?>
<testsuite xmlns:xsi="http://www.w3.org/2001/XMLSchema-instance" xsi:noNamespaceSchemaLocation="https://maven.apache.org/surefire/maven-surefire-plugin/xsd/surefire-test-report-3.0.xsd" version="3.0" name="org.hcm.pcn.formula_validator.FormulaValidatorApplicationTests" time="7.092" tests="1" errors="0" skipped="0" failures="0">
  <properties>
[...]
</properties>
  <testcase name="contextLoads" classname="org.hcm.pcn.formula_validator.FormulaValidatorApplicationTests" time="0.43">
    <system-out><![CDATA[15:45:12.445 [main] INFO org.springframework.test.context.support.AnnotationConfigContextLoaderUtils -- Could not detect default configuration classes for test class [org.hcm.pcn.formula_validator.FormulaValidatorApplicationTests]: FormulaValidatorApplicationTests does not declare any static, non-private, non-final, nested classes annotated with @Configuration.
15:45:12.534 [main] INFO org.springframework.boot.test.context.SpringBootTestContextBootstrapper -- Found @SpringBootConfiguration org.hcm.pcn.formula_validator.FormulaValidatorApplication for test class org.hcm.pcn.formula_validator.FormulaValidatorApplicationTests

  .   ____          _            __ _ _
 /\\ / ___'_ __ _ _(_)_ __  __ _ \ \ \ \
( ( )\___ | '_ | '_| | '_ \/ _` | \ \ \ \
 \\/  ___)| |_)| | | | | || (_| |  ) ) ) )
  '  |____| .__|_| |_|_| |_\__, | / / / /
 =========|_|==============|___/=/_/_/_/

 :: Spring Boot ::                (v3.3.4)

2025-03-08T15:45:12.929+03:30  INFO 14532 --- [FORMULA-VALIDATOR] [           main] o.h.p.f.FormulaValidatorApplicationTests : Starting FormulaValidatorApplicationTests using Java 17.0.2 with PID 14532 (started by admin in G:\AlphaProject\FormulaValidation)
2025-03-08T15:45:12.930+03:30  INFO 14532 --- [FORMULA-VALIDATOR] [           main] o.h.p.f.FormulaValidatorApplicationTests : No active profile set, falling back to 1 default profile: "default"
2025-03-08T15:45:13.709+03:30  INFO 14532 --- [FORMULA-VALIDATOR] [           main] .s.d.r.c.RepositoryConfigurationDelegate : Bootstrapping Spring Data JPA repositories in DEFAULT mode.
2025-03-08T15:45:13.836+03:30  INFO 14532 --- [FORMULA-VALIDATOR] [           main] .s.d.r.c.RepositoryConfigurationDelegate : Finished Spring Data repository scanning in 121 ms. Found 2 JPA repository interfaces.
2025-03-08T15:45:14.065+03:30  INFO 14532 --- [FORMULA-VALIDATOR] [           main] o.s.cloud.context.scope.GenericScope     : BeanFactory id=d5e5dd46-0619-3048-985c-3da6b00a9a4a
2025-03-08T15:45:14.330+03:30  WARN 14532 --- [FORMULA-VALIDATOR] [           main] trationDelegate$BeanPostProcessorChecker : Bean 'org.springframework.cloud.client.loadbalancer.LoadBalancerAutoConfiguration$LoadBalancerInterceptorConfig' of type [org.springframework.cloud.client.loadbalancer.LoadBalancerAutoConfiguration$LoadBalancerInterceptorConfig] is not eligible for getting processed by all BeanPostProcessors (for example: not eligible for auto-proxying). The currently created BeanPostProcessor [lbRestClientPostProcessor] is declared through a non-static factory method on that class; consider declaring it as static instead.
2025-03-08T15:45:14.333+03:30  WARN 14532 --- [FORMULA-VALIDATOR] [           main] trationDelegate$BeanPostProcessorChecker : Bean 'org.springframework.cloud.loadbalancer.config.BlockingLoadBalancerClientAutoConfiguration' of type [org.springframework.cloud.loadbalancer.config.BlockingLoadBalancerClientAutoConfiguration] is not eligible for getting processed by all BeanPostProcessors (for example: not eligible for auto-proxying). Is this bean getting eagerly injected into a currently created BeanPostProcessor [lbRestClientPostProcessor]? Check the corresponding BeanPostProcessor declaration and its dependencies.
2025-03-08T15:45:14.336+03:30  WARN 14532 --- [FORMULA-VALIDATOR] [           main] trationDelegate$BeanPostProcessorChecker : Bean 'org.springframework.cloud.loadbalancer.config.LoadBalancerAutoConfiguration' of type [org.springframework.cloud.loadbalancer.config.LoadBalancerAutoConfiguration] is not eligible for getting processed by all BeanPostProcessors (for example: not eligible for auto-proxying). Is this bean getting eagerly injected into a currently created BeanPostProcessor [lbRestClientPostProcessor]? Check the corresponding BeanPostProcessor declaration and its dependencies.
2025-03-08T15:45:14.344+03:30  WARN 14532 --- [FORMULA-VALIDATOR] [           main] trationDelegate$BeanPostProcessorChecker : Bean 'org.springframework.cloud.commons.config.CommonsConfigAutoConfiguration' of type [org.springframework.cloud.commons.config.CommonsConfigAutoConfiguration] is not eligible for getting processed by all BeanPostProcessors (for example: not eligible for auto-proxying). Is this bean getting eagerly injected into a currently created BeanPostProcessor [lbRestClientPostProcessor]? Check the corresponding BeanPostProcessor declaration and its dependencies.
2025-03-08T15:45:14.347+03:30  WARN 14532 --- [FORMULA-VALIDATOR] [           main] trationDelegate$BeanPostProcessorChecker : Bean 'org.springframework.cloud.client.loadbalancer.LoadBalancerDefaultMappingsProviderAutoConfiguration' of type [org.springframework.cloud.client.loadbalancer.LoadBalancerDefaultMappingsProviderAutoConfiguration] is not eligible for getting processed by all BeanPostProcessors (for example: not eligible for auto-proxying). Is this bean getting eagerly injected into a currently created BeanPostProcessor [lbRestClientPostProcessor]? Check the corresponding BeanPostProcessor declaration and its dependencies.
2025-03-08T15:45:14.349+03:30  WARN 14532 --- [FORMULA-VALIDATOR] [           main] trationDelegate$BeanPostProcessorChecker : Bean 'loadBalancerClientsDefaultsMappingsProvider' of type [org.springframework.cloud.client.loadbalancer.LoadBalancerDefaultMappingsProviderAutoConfiguration$$Lambda$966/0x00000008010b1c20] is not eligible for getting processed by all BeanPostProcessors (for example: not eligible for auto-proxying). Is this bean getting eagerly injected into a currently created BeanPostProcessor [lbRestClientPostProcessor]? Check the corresponding BeanPostProcessor declaration and its dependencies.
2025-03-08T15:45:14.351+03:30  WARN 14532 --- [FORMULA-VALIDATOR] [           main] trationDelegate$BeanPostProcessorChecker : Bean 'defaultsBindHandlerAdvisor' of type [org.springframework.cloud.commons.config.DefaultsBindHandlerAdvisor] is not eligible for getting processed by all BeanPostProcessors (for example: not eligible for auto-proxying). Is this bean getting eagerly injected into a currently created BeanPostProcessor [lbRestClientPostProcessor]? Check the corresponding BeanPostProcessor declaration and its dependencies.
2025-03-08T15:45:14.359+03:30  WARN 14532 --- [FORMULA-VALIDATOR] [           main] trationDelegate$BeanPostProcessorChecker : Bean 'spring.cloud.loadbalancer-org.springframework.cloud.client.loadbalancer.LoadBalancerClientsProperties' of type [org.springframework.cloud.client.loadbalancer.LoadBalancerClientsProperties] is not eligible for getting processed by all BeanPostProcessors (for example: not eligible for auto-proxying). Is this bean getting eagerly injected into a currently created BeanPostProcessor [lbRestClientPostProcessor]? Check the corresponding BeanPostProcessor declaration and its dependencies.
2025-03-08T15:45:14.367+03:30  WARN 14532 --- [FORMULA-VALIDATOR] [           main] trationDelegate$BeanPostProcessorChecker : Bean 'default.org.springframework.cloud.loadbalancer.config.LoadBalancerAutoConfiguration.LoadBalancerClientSpecification' of type [org.springframework.cloud.loadbalancer.annotation.LoadBalancerClientSpecification] is not eligible for getting processed by all BeanPostProcessors (for example: not eligible for auto-proxying). Is this bean getting eagerly injected into a currently created BeanPostProcessor [lbRestClientPostProcessor]? Check the corresponding BeanPostProcessor declaration and its dependencies.
2025-03-08T15:45:14.369+03:30  WARN 14532 --- [FORMULA-VALIDATOR] [           main] trationDelegate$BeanPostProcessorChecker : Bean 'default.org.springframework.cloud.loadbalancer.config.BlockingLoadBalancerClientAutoConfiguration.LoadBalancerClientSpecification' of type [org.springframework.cloud.loadbalancer.annotation.LoadBalancerClientSpecification] is not eligible for getting processed by all BeanPostProcessors (for example: not eligible for auto-proxying). Is this bean getting eagerly injected into a currently created BeanPostProcessor [lbRestClientPostProcessor]? Check the corresponding BeanPostProcessor declaration and its dependencies.
2025-03-08T15:45:14.370+03:30  WARN 14532 --- [FORMULA-VALIDATOR] [           main] trationDelegate$BeanPostProcessorChecker : Bean 'default.org.springframework.cloud.netflix.eureka.loadbalancer.LoadBalancerEurekaAutoConfiguration.LoadBalancerClientSpecification' of type [org.springframework.cloud.loadbalancer.annotation.LoadBalancerClientSpecification] is not eligible for getting processed by all BeanPostProcessors (for example: not eligible for auto-proxying). Is this bean getting eagerly injected into a currently created BeanPostProcessor [lbRestClientPostProcessor]? Check the corresponding BeanPostProcessor declaration and its dependencies.
2025-03-08T15:45:14.372+03:30  WARN 14532 --- [FORMULA-VALIDATOR] [           main] trationDelegate$BeanPostProcessorChecker : Bean 'loadBalancerClientFactory' of type [org.springframework.cloud.loadbalancer.support.LoadBalancerClientFactory] is not eligible for getting processed by all BeanPostProcessors (for example: not eligible for auto-proxying). Is this bean getting eagerly injected into a currently created BeanPostProcessor [lbRestClientPostProcessor]? Check the corresponding BeanPostProcessor declaration and its dependencies.
2025-03-08T15:45:14.378+03:30  WARN 14532 --- [FORMULA-VALIDATOR] [           main] trationDelegate$BeanPostProcessorChecker : Bean 'blockingLoadBalancerClient' of type [org.springframework.cloud.loadbalancer.blocking.client.BlockingLoadBalancerClient] is not eligible for getting processed by all BeanPostProcessors (for example: not eligible for auto-proxying). Is this bean getting eagerly injected into a currently created BeanPostProcessor [lbRestClientPostProcessor]? Check the corresponding BeanPostProcessor declaration and its dependencies.
2025-03-08T15:45:14.388+03:30  WARN 14532 --- [FORMULA-VALIDATOR] [           main] trationDelegate$BeanPostProcessorChecker : Bean 'loadBalancerServiceInstanceCookieTransformer' of type [org.springframework.cloud.loadbalancer.core.LoadBalancerServiceInstanceCookieTransformer] is not eligible for getting processed by all BeanPostProcessors (for example: not eligible for auto-proxying). Is this bean getting eagerly injected into a currently created BeanPostProcessor [lbRestClientPostProcessor]? Check the corresponding BeanPostProcessor declaration and its dependencies.
2025-03-08T15:45:14.391+03:30  WARN 14532 --- [FORMULA-VALIDATOR] [           main] trationDelegate$BeanPostProcessorChecker : Bean 'xForwarderHeadersTransformer' of type [org.springframework.cloud.loadbalancer.blocking.XForwardedHeadersTransformer] is not eligible for getting processed by all BeanPostProcessors (for example: not eligible for auto-proxying). Is this bean getting eagerly injected into a currently created BeanPostProcessor [lbRestClientPostProcessor]? Check the corresponding BeanPostProcessor declaration and its dependencies.
2025-03-08T15:45:14.392+03:30  WARN 14532 --- [FORMULA-VALIDATOR] [           main] trationDelegate$BeanPostProcessorChecker : Bean 'org.springframework.cloud.client.loadbalancer.LoadBalancerAutoConfiguration' of type [org.springframework.cloud.client.loadbalancer.LoadBalancerAutoConfiguration] is not eligible for getting processed by all BeanPostProcessors (for example: not eligible for auto-proxying). Is this bean getting eagerly injected into a currently created BeanPostProcessor [lbRestClientPostProcessor]? Check the corresponding BeanPostProcessor declaration and its dependencies.
2025-03-08T15:45:14.395+03:30  WARN 14532 --- [FORMULA-VALIDATOR] [           main] trationDelegate$BeanPostProcessorChecker : Bean 'loadBalancerRequestFactory' of type [org.springframework.cloud.client.loadbalancer.LoadBalancerRequestFactory] is not eligible for getting processed by all BeanPostProcessors (for example: not eligible for auto-proxying). Is this bean getting eagerly injected into a currently created BeanPostProcessor [lbRestClientPostProcessor]? Check the corresponding BeanPostProcessor declaration and its dependencies.
2025-03-08T15:45:14.396+03:30  WARN 14532 --- [FORMULA-VALIDATOR] [           main] trationDelegate$BeanPostProcessorChecker : Bean 'loadBalancerInterceptor' of type [org.springframework.cloud.client.loadbalancer.LoadBalancerInterceptor] is not eligible for getting processed by all BeanPostProcessors (for example: not eligible for auto-proxying). Is this bean getting eagerly injected into a currently created BeanPostProcessor [lbRestClientPostProcessor]? Check the corresponding BeanPostProcessor declaration and its dependencies.
2025-03-08T15:45:14.399+03:30  WARN 14532 --- [FORMULA-VALIDATOR] [           main] trationDelegate$BeanPostProcessorChecker : Bean 'org.springframework.cloud.client.loadbalancer.reactive.LoadBalancerBeanPostProcessorAutoConfiguration' of type [org.springframework.cloud.client.loadbalancer.reactive.LoadBalancerBeanPostProcessorAutoConfiguration] is not eligible for getting processed by all BeanPostProcessors (for example: not eligible for auto-proxying). The currently created BeanPostProcessor [loadBalancerWebClientBuilderBeanPostProcessor] is declared through a non-static factory method on that class; consider declaring it as static instead.
2025-03-08T15:45:14.401+03:30  WARN 14532 --- [FORMULA-VALIDATOR] [           main] trationDelegate$BeanPostProcessorChecker : Bean 'org.springframework.cloud.client.loadbalancer.reactive.LoadBalancerBeanPostProcessorAutoConfiguration$ReactorDeferringLoadBalancerFilterConfig' of type [org.springframework.cloud.client.loadbalancer.reactive.LoadBalancerBeanPostProcessorAutoConfiguration$ReactorDeferringLoadBalancerFilterConfig] is not eligible for getting processed by all BeanPostProcessors (for example: not eligible for auto-proxying). Is this bean getting eagerly injected into a currently created BeanPostProcessor [loadBalancerWebClientBuilderBeanPostProcessor]? Check the corresponding BeanPostProcessor declaration and its dependencies.
2025-03-08T15:45:14.403+03:30  WARN 14532 --- [FORMULA-VALIDATOR] [           main] trationDelegate$BeanPostProcessorChecker : Bean 'reactorDeferringLoadBalancerExchangeFilterFunction' of type [org.springframework.cloud.client.loadbalancer.reactive.DeferringLoadBalancerExchangeFilterFunction] is not eligible for getting processed by all BeanPostProcessors (for example: not eligible for auto-proxying). Is this bean getting eagerly injected into a currently created BeanPostProcessor [loadBalancerWebClientBuilderBeanPostProcessor]? Check the corresponding BeanPostProcessor declaration and its dependencies.
2025-03-08T15:45:14.612+03:30  INFO 14532 --- [FORMULA-VALIDATOR] [           main] o.hibernate.jpa.internal.util.LogHelper  : HHH000204: Processing PersistenceUnitInfo [name: default]
2025-03-08T15:45:14.672+03:30  INFO 14532 --- [FORMULA-VALIDATOR] [           main] org.hibernate.Version                    : HHH000412: Hibernate ORM core version 6.5.3.Final
2025-03-08T15:45:14.702+03:30  INFO 14532 --- [FORMULA-VALIDATOR] [           main] o.h.c.internal.RegionFactoryInitiator    : HHH000026: Second-level cache disabled
2025-03-08T15:45:14.806+03:30  INFO 14532 --- [FORMULA-VALIDATOR] [           main] o.h.e.boot.internal.EnversServiceImpl    : Envers integration enabled? : true
2025-03-08T15:45:14.972+03:30  INFO 14532 --- [FORMULA-VALIDATOR] [           main] o.s.o.j.p.SpringPersistenceUnitInfo      : No LoadTimeWeaver setup: ignoring JPA class transformer
2025-03-08T15:45:14.997+03:30  INFO 14532 --- [FORMULA-VALIDATOR] [           main] com.zaxxer.hikari.HikariDataSource       : HikariPool-1 - Starting...
2025-03-08T15:45:15.268+03:30  INFO 14532 --- [FORMULA-VALIDATOR] [           main] com.zaxxer.hikari.pool.HikariPool        : HikariPool-1 - Added connection oracle.jdbc.driver.T4CConnection@359ea595
2025-03-08T15:45:15.270+03:30  INFO 14532 --- [FORMULA-VALIDATOR] [           main] com.zaxxer.hikari.HikariDataSource       : HikariPool-1 - Start completed.
2025-03-08T15:45:15.363+03:30  WARN 14532 --- [FORMULA-VALIDATOR] [           main] org.hibernate.dialect.Dialect            : HHH000511: The 18.0.0 version for [org.hibernate.dialect.OracleDialect] is no longer supported, hence certain features may not work properly. The minimum supported version is 19.0.0. Check the community dialects project for available legacy versions.
2025-03-08T15:45:15.606+03:30  INFO 14532 --- [FORMULA-VALIDATOR] [           main] o.h.e.c.i.m.AuditMetadataGenerator       : Adding properties for entity: org.hcm.pcn.formula_validator.repository.entity.Formula
Hibernate: 
    create global temporary table HTE_revinfo(rev number(10, 0), rn_ number(10, 0) not null, revtstmp number(19, 0), primary key (rn_)) 
        on commit delete rows
2025-03-08T15:45:16.318+03:30 ERROR 14532 --- [FORMULA-VALIDATOR] [           main] o.h.metamodel.internal.MetadataContext   : HHH015007: Illegal argument on static metamodel field injection : org.hibernate.envers.DefaultRevisionEntity_#class_; expected type :  org.hibernate.metamodel.model.domain.internal.EntityTypeImpl; encountered type : jakarta.persistence.metamodel.MappedSuperclassType
2025-03-08T15:45:16.325+03:30  INFO 14532 --- [FORMULA-VALIDATOR] [           main] o.h.e.t.j.p.i.JtaPlatformInitiator       : HHH000489: No JTA platform available (set 'hibernate.transaction.jta.platform' to enable JTA platform integration)
2025-03-08T15:45:16.562+03:30  INFO 14532 --- [FORMULA-VALIDATOR] [           main] j.LocalContainerEntityManagerFactoryBean : Initialized JPA EntityManagerFactory for persistence unit 'default'
Hibernate: 
    select
        b1_0.id,
        b1_0.code,
        b1_0.en_title,
        f1_0.id,
        f1_0.block_id,
        f1_0.created_at,
        f1_0.formula,
        f1_0.version,
        b1_0.product_id,
        p1_0.id,
        p1_0.product_name,
        r1_0.id,
        r1_0.code,
        r1_0.en_title,
        f2_0.id,
        f2_0.block_id,
        f2_0.created_at,
        f2_0.formula,
        f2_0.version,
        r1_0.product_id,
        p2_0.id,
        p2_0.product_name,
        r1_0.block_id,
        r1_0.title,
        r1_0.type,
        b1_0.title,
        b1_0.type 
    from
        block b1_0 
    left join
        formula f1_0 
            on b1_0.id=f1_0.block_id 
    join
        product p1_0 
            on p1_0.id=b1_0.product_id 
    left join
        block r1_0 
            on r1_0.id=b1_0.block_id 
    left join
        formula f2_0 
            on r1_0.id=f2_0.block_id 
    left join
        product p2_0 
            on p2_0.id=r1_0.product_id 
    where
        b1_0.id=?
org.hcm.pcn.formula_validator.repository.entity.Block@1560982f
2025-03-08T15:45:17.245+03:30  WARN 14532 --- [FORMULA-VALIDATOR] [           main] JpaBaseConfiguration$JpaWebConfiguration : spring.jpa.open-in-view is enabled by default. Therefore, database queries may be performed during view rendering. Explicitly configure spring.jpa.open-in-view to disable this warning
2025-03-08T15:45:17.781+03:30  INFO 14532 --- [FORMULA-VALIDATOR] [           main] efaultSchemaResourceGraphQlSourceBuilder : Loaded 5 resource(s) in the GraphQL schema.
2025-03-08T15:45:17.950+03:30  INFO 14532 --- [FORMULA-VALIDATOR] [           main] o.s.b.a.g.GraphQlAutoConfiguration       : GraphQL schema inspection:
	Unmapped fields: {}
	Unmapped registrations: {}
	Unmapped arguments: {}
	Skipped types: []
2025-03-08T15:45:17.973+03:30  INFO 14532 --- [FORMULA-VALIDATOR] [           main] s.b.a.g.s.GraphQlWebMvcAutoConfiguration : GraphQL endpoint HTTP POST /api/formula-validator
2025-03-08T15:45:18.538+03:30  INFO 14532 --- [FORMULA-VALIDATOR] [           main] DiscoveryClientOptionalArgsConfiguration : Eureka HTTP Client uses RestTemplate.
2025-03-08T15:45:18.564+03:30  WARN 14532 --- [FORMULA-VALIDATOR] [           main] iguration$LoadBalancerCaffeineWarnLogger : Spring Cloud LoadBalancer is currently working with the default cache. While this cache implementation is useful for development and tests, it's recommended to use Caffeine cache in production.You can switch to using Caffeine cache, by adding it and org.springframework.cache.caffeine.CaffeineCacheManager to the classpath.
2025-03-08T15:45:18.573+03:30  INFO 14532 --- [FORMULA-VALIDATOR] [           main] o.s.b.a.e.web.EndpointLinksResolver      : Exposing 1 endpoint beneath base path '/actuator'
2025-03-08T15:45:18.623+03:30  INFO 14532 --- [FORMULA-VALIDATOR] [           main] o.s.c.n.eureka.InstanceInfoFactory       : Setting initial instance status as: STARTING
2025-03-08T15:45:18.648+03:30  INFO 14532 --- [FORMULA-VALIDATOR] [           main] com.netflix.discovery.DiscoveryClient    : Initializing Eureka in region us-east-1
2025-03-08T15:45:18.652+03:30  INFO 14532 --- [FORMULA-VALIDATOR] [           main] c.n.d.s.r.aws.ConfigClusterResolver      : Resolving eureka endpoints via configuration
2025-03-08T15:45:18.668+03:30  INFO 14532 --- [FORMULA-VALIDATOR] [           main] com.netflix.discovery.DiscoveryClient    : Disable delta property : false
2025-03-08T15:45:18.669+03:30  INFO 14532 --- [FORMULA-VALIDATOR] [           main] com.netflix.discovery.DiscoveryClient    : Single vip registry refresh property : null
2025-03-08T15:45:18.669+03:30  INFO 14532 --- [FORMULA-VALIDATOR] [           main] com.netflix.discovery.DiscoveryClient    : Force full registry fetch : false
2025-03-08T15:45:18.669+03:30  INFO 14532 --- [FORMULA-VALIDATOR] [           main] com.netflix.discovery.DiscoveryClient    : Application is null : false
2025-03-08T15:45:18.669+03:30  INFO 14532 --- [FORMULA-VALIDATOR] [           main] com.netflix.discovery.DiscoveryClient    : Registered Applications size is zero : true
2025-03-08T15:45:18.669+03:30  INFO 14532 --- [FORMULA-VALIDATOR] [           main] com.netflix.discovery.DiscoveryClient    : Application version is -1: true
2025-03-08T15:45:18.669+03:30  INFO 14532 --- [FORMULA-VALIDATOR] [           main] com.netflix.discovery.DiscoveryClient    : Getting all instance registry info from the eureka server
2025-03-08T15:45:18.913+03:30  INFO 14532 --- [FORMULA-VALIDATOR] [           main] com.netflix.discovery.DiscoveryClient    : The response status is 200
2025-03-08T15:45:18.915+03:30  INFO 14532 --- [FORMULA-VALIDATOR] [           main] com.netflix.discovery.DiscoveryClient    : Starting heartbeat executor: renew interval is: 30
2025-03-08T15:45:18.916+03:30  INFO 14532 --- [FORMULA-VALIDATOR] [           main] c.n.discovery.InstanceInfoReplicator     : InstanceInfoReplicator onDemand update allowed rate per min is 4
2025-03-08T15:45:18.919+03:30  INFO 14532 --- [FORMULA-VALIDATOR] [           main] com.netflix.discovery.DiscoveryClient    : Discovery Client initialized at timestamp 1741436118919 with initial instances count: 1
2025-03-08T15:45:18.923+03:30  INFO 14532 --- [FORMULA-VALIDATOR] [           main] o.s.c.n.e.s.EurekaServiceRegistry        : Registering application FORMULA-VALIDATOR with eureka with status UP
2025-03-08T15:45:18.923+03:30  INFO 14532 --- [FORMULA-VALIDATOR] [           main] com.netflix.discovery.DiscoveryClient    : Saw local status change event StatusChangeEvent [timestamp=1741436118923, current=UP, previous=STARTING]
2025-03-08T15:45:18.926+03:30  INFO 14532 --- [FORMULA-VALIDATOR] [nfoReplicator-0] com.netflix.discovery.DiscoveryClient    : DiscoveryClient_FORMULA-VALIDATOR/DESKTOP-7FGRA7M:FORMULA-VALIDATOR:8086: registering service...
2025-03-08T15:45:18.942+03:30  INFO 14532 --- [FORMULA-VALIDATOR] [           main] o.h.p.f.FormulaValidatorApplicationTests : Started FormulaValidatorApplicationTests in 6.274 seconds (process running for 7.08)
2025-03-08T15:45:18.978+03:30  INFO 14532 --- [FORMULA-VALIDATOR] [nfoReplicator-0] com.netflix.discovery.DiscoveryClient    : DiscoveryClient_FORMULA-VALIDATOR/DESKTOP-7FGRA7M:FORMULA-VALIDATOR:8086 - registration status: 204
]]></system-out>
  </testcase>
</testsuite>